time inst | th1                                  | th2                                  | th3                                  | th4                                  | th5                                  | th6                                  | th7                                  
1         |                                      |                                      |                                      |                                      |                                      |                                      | EXECUTING (F0,F1,F2,F3,F4)           
2         |                                      |                                      | SWRDY ()                             |                                      |                                      |                                      | EXECUTING (F0,F1,F2,F3,F4)           
3         | SWRDY ()                             |                                      | SWRDY ()                             |                                      |                                      |                                      | EXECUTING (F0,F1,F2,F3,F4)           
4         | SWRDY ()                             |                                      | SWRDY ()                             | SWRDY ()                             |                                      |                                      | INTERRUPTIBLE (F0,F1,F2,F3,F4)       
5         | SWRDY ()                             |                                      | SWRDY ()                             | SWRDY ()                             |                                      | READY (F0,F1,F2,F3,F4)               | INTERRUPTIBLE (F0,F1,F2,F3,F4)       
6         | SWRDY ()                             |                                      | SWRDY ()                             | SWRDY ()                             | SWRDY ()                             | READY (F0,F1,F2,F3,F4)               | INTERRUPTIBLE (F0,F1,F2,F3,F4)       
7         | SWRDY ()                             | SWRDY ()                             | EXECUTING (F5,F6,F7)                 | SWRDY ()                             | SWRDY ()                             | READY (F0,F1,F2,F3,F4)               | READY (F0,F1,F2,F3,F4)               
8         | SWRDY ()                             | SWRDY ()                             | INTERRUPTIBLE (F5,F6,F7)             | SWRDY ()                             | SWRDY ()                             | READY (F0,F1,F2,F3,F4)               | READY (F0,F1,F2,F3,F4)               
9         | SWRDY ()                             | SWRDY ()                             | INTERRUPTIBLE (F5,F6,F7)             | SWRDY ()                             | SWRDY ()                             | READY (F0,F1,F2,F3,F4)               | READY (F0,F1,F2,F3,F4)               
10        | SWRDY ()                             | SWRDY ()                             | INTERRUPTIBLE (F5,F6,F7)             | SWRDY ()                             | SWRDY ()                             | READY (F0,F1,F2,F3,F4)               | READY (F0,F1,F2,F3,F4)               
11        | EXECUTING (F8,F9)                    | SWRDY ()                             | INTERRUPTIBLE (F5,F6,F7)             | SWRDY ()                             | SWRDY ()                             | READY (F0,F1,F2,F3,F4)               | READY (F0,F1,F2,F3,F4)               
12        | EXECUTING (F8,F9)                    | SWRDY ()                             | INTERRUPTIBLE (F5,F6,F7)             | SWRDY ()                             | SWRDY ()                             | READY (F0,F1,F2,F3,F4)               | READY (F0,F1,F2,F3,F4)               
13        | EXECUTING (F8,F9)                    | SWRDY ()                             | INTERRUPTIBLE (F5,F6,F7)             | SWRDY ()                             | SWRDY ()                             | READY (F0,F1,F2,F3,F4)               | READY (F0,F1,F2,F3,F4)               
14        | READY (F8,F9)                        | SWRDY ()                             | READY (F5,F6,F7)                     | SWRDY ()                             | SWRDY ()                             | READY (F0,F1,F2,F3,F4)               | READY (F0,F1,F2,F3,F4)               
15        | READY (F8,F9)                        | SWRDY ()                             | READY (F5,F6,F7)                     | SWRDY ()                             | SWRDY ()                             | READY (F0,F1,F2,F3,F4)               | READY (F0,F1,F2,F3,F4)               
16        | READY (F8,F9)                        | SWRDY ()                             | READY (F5,F6,F7)                     | SWRDY ()                             | SWRDY ()                             | READY (F0,F1,F2,F3,F4)               | READY (F0,F1,F2,F3,F4)               
17        | READY (F8,F9)                        | SWRDY ()                             | READY (F5,F6,F7)                     | EXECUTING (F0)                       | READY (F0)                           | SWRDY (F1,F2,F3,F4)                  | SWRDY (F1,F2,F3,F4)                  
18        | READY (F8,F9)                        | SWRDY ()                             | READY (F5,F6,F7)                     | INTERRUPTIBLE (F0)                   | READY (F0)                           | SWRDY (F1,F2,F3,F4)                  | SWRDY (F1,F2,F3,F4)                  
19        | READY (F8,F9)                        | SWRDY ()                             | READY (F5,F6,F7)                     | INTERRUPTIBLE (F0)                   | READY (F0)                           | SWRDY (F1,F2,F3,F4)                  | SWRDY (F1,F2,F3,F4)                  
20        | READY (F8,F9)                        | SWRDY ()                             | READY (F5,F6,F7)                     | INTERRUPTIBLE (F0)                   | READY (F0)                           | SWRDY (F1,F2,F3,F4)                  | SWRDY (F1,F2,F3,F4)                  
21        | READY (F8,F9)                        | SWRDY ()                             | SWRDY (F6,F7)                        | INTERRUPTIBLE (F0)                   | READY (F0)                           | EXECUTING (F1,F2,F3,F4,F5)           | READY (F1,F2,F3,F4,F5)               
22        | READY (F8,F9)                        | SWRDY ()                             | SWRDY (F6,F7)                        | INTERRUPTIBLE (F0)                   | READY (F0)                           | EXECUTING (F1,F2,F3,F4,F5)           | READY (F1,F2,F3,F4,F5)               
23        | READY (F8,F9)                        | SWRDY ()                             | SWRDY (F6,F7)                        | INTERRUPTIBLE (F0)                   | READY (F0)                           | INTERRUPTIBLE (F1,F2,F3,F4,F5)       | READY (F1,F2,F3,F4,F5)               
24        | READY (F8,F9)                        | SWRDY ()                             | SWRDY (F6,F7)                        | READY (F0)                           | READY (F0)                           | INTERRUPTIBLE (F1,F2,F3,F4,F5)       | READY (F1,F2,F3,F4,F5)               
25        | READY (F8,F9)                        | SWRDY ()                             | SWRDY (F6,F7)                        | READY (F0)                           | READY (F0)                           | INTERRUPTIBLE (F1,F2,F3,F4,F5)       | READY (F1,F2,F3,F4,F5)               
26        | READY (F8,F9)                        | SWRDY ()                             | SWRDY (F6,F7)                        | READY (F0)                           | EXECUTING (F0)                       | INTERRUPTIBLE (F1,F2,F3,F4,F5)       | READY (F1,F2,F3,F4,F5)               
27        | READY (F8,F9)                        | SWRDY ()                             | SWRDY (F6,F7)                        | READY (F0)                           | EXECUTING (F0)                       | READY (F1,F2,F3,F4,F5)               | READY (F1,F2,F3,F4,F5)               
28        | READY (F8,F9)                        | SWRDY ()                             | SWRDY (F6,F7)                        | READY (F0)                           | INTERRUPTIBLE (F0)                   | READY (F1,F2,F3,F4,F5)               | READY (F1,F2,F3,F4,F5)               
29        | READY (F8,F9)                        | SWRDY ()                             | SWRDY (F6,F7)                        | READY (F0)                           | INTERRUPTIBLE (F0)                   | READY (F1,F2,F3,F4,F5)               | READY (F1,F2,F3,F4,F5)               
30        | READY (F8,F9)                        | SWRDY ()                             | SWRDY (F6,F7)                        | READY (F0)                           | READY (F0)                           | READY (F1,F2,F3,F4,F5)               | READY (F1,F2,F3,F4,F5)               
31        | READY (F8,F9)                        | SWRDY ()                             | SWRDY (F6,F7)                        | READY (F0)                           | READY (F0)                           | READY (F1,F2,F3,F4,F5)               | EXECUTING (F1,F2,F3,F4,F5)           
32        | READY (F8,F9)                        | SWRDY ()                             | SWRDY (F6,F7)                        | READY (F0)                           | READY (F0)                           | READY (F1,F2,F3,F4,F5)               | INTERRUPTIBLE (F1,F2,F3,F4,F5)       
33        | READY (F8,F9)                        | SWRDY ()                             | SWRDY (F6,F7)                        | READY (F0)                           | READY (F0)                           | READY (F1,F2,F3,F4,F5)               | INTERRUPTIBLE (F1,F2,F3,F4,F5)       
34        | READY (F8,F9)                        | SWRDY ()                             | SWRDY (F6,F7)                        | READY (F0)                           | READY (F0)                           | READY (F1,F2,F3,F4,F5)               | INTERRUPTIBLE (F1,F2,F3,F4,F5)       
35        | READY (F8,F9)                        | EXECUTING (F6,F7)                    | SWRDY ()                             | READY (F0)                           | READY (F0)                           | READY (F1,F2,F3,F4,F5)               | INTERRUPTIBLE (F1,F2,F3,F4,F5)       
36        | READY (F8,F9)                        | EXECUTING (F6,F7)                    | SWRDY ()                             | READY (F0)                           | READY (F0)                           | READY (F1,F2,F3,F4,F5)               | READY (F1,F2,F3,F4,F5)               
37        | READY (F8,F9)                        | INTERRUPTIBLE (F6,F7)                | SWRDY ()                             | READY (F0)                           | READY (F0)                           | READY (F1,F2,F3,F4,F5)               | READY (F1,F2,F3,F4,F5)               
38        | READY (F8,F9)                        | INTERRUPTIBLE (F6,F7)                | SWRDY ()                             | READY (F0)                           | READY (F0)                           | READY (F1,F2,F3,F4,F5)               | READY (F1,F2,F3,F4,F5)               
39        | READY (F8,F9)                        | READY (F6,F7)                        | SWRDY ()                             | READY (F0)                           | READY (F0)                           | READY (F1,F2,F3,F4,F5)               | READY (F1,F2,F3,F4,F5)               
40        | SWRDY ()                             | READY (F6,F7)                        | EXECUTING (F8,F9,F0)                 | SWRDY ()                             | SWRDY ()                             | READY (F1,F2,F3,F4,F5)               | READY (F1,F2,F3,F4,F5)               
41        | SWRDY ()                             | READY (F6,F7)                        | INTERRUPTIBLE (F8,F9,F0)             | SWRDY ()                             | SWRDY ()                             | READY (F1,F2,F3,F4,F5)               | READY (F1,F2,F3,F4,F5)               
42        | SWRDY ()                             | READY (F6,F7)                        | INTERRUPTIBLE (F8,F9,F0)             | SWRDY ()                             | SWRDY ()                             | READY (F1,F2,F3,F4,F5)               | READY (F1,F2,F3,F4,F5)               
43        | SWRDY ()                             | READY (F6,F7)                        | INTERRUPTIBLE (F8,F9,F0)             | SWRDY ()                             | SWRDY ()                             | READY (F1,F2,F3,F4,F5)               | READY (F1,F2,F3,F4,F5)               
44        | EXECUTING (F1,F2)                    | READY (F6,F7)                        | READY (F8,F9,F0)                     | SWRDY ()                             | SWRDY ()                             | SWRDY (F3,F4,F5)                     | SWRDY (F3,F4,F5)                     
45        | EXECUTING (F1,F2)                    | READY (F6,F7)                        | READY (F8,F9,F0)                     | SWRDY ()                             | SWRDY ()                             | SWRDY (F3,F4,F5)                     | SWRDY (F3,F4,F5)                     
46        | EXECUTING (F1,F2)                    | READY (F6,F7)                        | READY (F8,F9,F0)                     | SWRDY ()                             | SWRDY ()                             | SWRDY (F3,F4,F5)                     | SWRDY (F3,F4,F5)                     
47        | INTERRUPTIBLE (F1,F2)                | READY (F6,F7)                        | READY (F8,F9,F0)                     | SWRDY ()                             | SWRDY ()                             | SWRDY (F3,F4,F5)                     | SWRDY (F3,F4,F5)                     
48        | INTERRUPTIBLE (F1,F2)                | READY (F6,F7)                        | READY (F8,F9,F0)                     | SWRDY ()                             | SWRDY ()                             | SWRDY (F3,F4,F5)                     | SWRDY (F3,F4,F5)                     
49        | INTERRUPTIBLE (F1,F2)                | READY (F6,F7)                        | READY (F8,F9,F0)                     | SWRDY ()                             | SWRDY ()                             | SWRDY (F3,F4,F5)                     | SWRDY (F3,F4,F5)                     
50        | INTERRUPTIBLE (F1,F2)                | READY (F6,F7)                        | READY (F8,F9,F0)                     | EXECUTING (F3)                       | READY (F3)                           | SWRDY (F4,F5)                        | SWRDY (F4,F5)                        
51        | READY (F1,F2)                        | READY (F6,F7)                        | READY (F8,F9,F0)                     | INTERRUPTIBLE (F3)                   | READY (F3)                           | SWRDY (F4,F5)                        | SWRDY (F4,F5)                        
52        | READY (F1,F2)                        | READY (F6,F7)                        | READY (F8,F9,F0)                     | INTERRUPTIBLE (F3)                   | READY (F3)                           | SWRDY (F4,F5)                        | SWRDY (F4,F5)                        
53        | READY (F1,F2)                        | READY (F6,F7)                        | READY (F8,F9,F0)                     | READY (F3)                           | READY (F3)                           | SWRDY (F4,F5)                        | SWRDY (F4,F5)                        
54        | READY (F1,F2)                        | SWRDY ()                             | SWRDY (F9,F0)                        | READY (F3)                           | READY (F3)                           | EXECUTING (F4,F5,F6,F7,F8)           | READY (F4,F5,F6,F7,F8)               
55        | READY (F1,F2)                        | SWRDY ()                             | SWRDY (F9,F0)                        | READY (F3)                           | READY (F3)                           | EXECUTING (F4,F5,F6,F7,F8)           | READY (F4,F5,F6,F7,F8)               
56        | READY (F1,F2)                        | SWRDY ()                             | SWRDY (F9,F0)                        | READY (F3)                           | READY (F3)                           | EXECUTING (F4,F5,F6,F7,F8)           | READY (F4,F5,F6,F7,F8)               
57        | READY (F1,F2)                        | SWRDY ()                             | SWRDY (F9,F0)                        | READY (F3)                           | READY (F3)                           | READY (F4,F5,F6,F7,F8)               | READY (F4,F5,F6,F7,F8)               
58        | READY (F1,F2)                        | SWRDY ()                             | SWRDY (F9,F0)                        | READY (F3)                           | READY (F3)                           | READY (F4,F5,F6,F7,F8)               | READY (F4,F5,F6,F7,F8)               
59        | READY (F1,F2)                        | SWRDY ()                             | SWRDY (F9,F0)                        | READY (F3)                           | READY (F3)                           | READY (F4,F5,F6,F7,F8)               | READY (F4,F5,F6,F7,F8)               
60        | READY (F1,F2)                        | SWRDY ()                             | SWRDY (F9,F0)                        | READY (F3)                           | EXECUTING (F3)                       | READY (F4,F5,F6,F7,F8)               | READY (F4,F5,F6,F7,F8)               
61        | READY (F1,F2)                        | SWRDY ()                             | SWRDY (F9,F0)                        | READY (F3)                           | INTERRUPTIBLE (F3)                   | READY (F4,F5,F6,F7,F8)               | READY (F4,F5,F6,F7,F8)               
62        | READY (F1,F2)                        | SWRDY ()                             | SWRDY (F9,F0)                        | READY (F3)                           | INTERRUPTIBLE (F3)                   | READY (F4,F5,F6,F7,F8)               | READY (F4,F5,F6,F7,F8)               
63        | READY (F1,F2)                        | SWRDY ()                             | SWRDY (F9,F0)                        | READY (F3)                           | INTERRUPTIBLE (F3)                   | READY (F4,F5,F6,F7,F8)               | READY (F4,F5,F6,F7,F8)               
64        | READY (F1,F2)                        | SWRDY ()                             | SWRDY (F9,F0)                        | READY (F3)                           | INTERRUPTIBLE (F3)                   | READY (F4,F5,F6,F7,F8)               | EXECUTING (F4,F5,F6,F7,F8)           
65        | READY (F1,F2)                        | SWRDY ()                             | SWRDY (F9,F0)                        | READY (F3)                           | INTERRUPTIBLE (F3)                   | READY (F4,F5,F6,F7,F8)               | EXECUTING (F4,F5,F6,F7,F8)           
66        | READY (F1,F2)                        | SWRDY ()                             | SWRDY (F9,F0)                        | READY (F3)                           | INTERRUPTIBLE (F3)                   | READY (F4,F5,F6,F7,F8)               | EXECUTING (F4,F5,F6,F7,F8)           
67        | READY (F1,F2)                        | SWRDY ()                             | SWRDY (F9,F0)                        | READY (F3)                           | READY (F3)                           | READY (F4,F5,F6,F7,F8)               | ZOMBIE (F4,F5,F6,F7,F8)              
68        | READY (F1,F2)                        | SWRDY ()                             | SWRDY (F9,F0)                        | READY (F3)                           | READY (F3)                           | READY (F4,F5,F6,F7,F8)               | ZOMBIE (F4,F5,F6,F7,F8)              
69        | READY (F1,F2)                        | SWRDY ()                             | SWRDY (F9,F0)                        | READY (F3)                           | READY (F3)                           | READY (F4,F5,F6,F7,F8)               |                                      
70        | READY (F1,F2)                        | EXECUTING (F9,F0)                    | SWRDY ()                             | READY (F3)                           | READY (F3)                           | READY (F4,F5,F6,F7,F8)               |                                      
71        | READY (F1,F2)                        | INTERRUPTIBLE (F9,F0)                | SWRDY ()                             | READY (F3)                           | READY (F3)                           | READY (F4,F5,F6,F7,F8)               |                                      
72        | READY (F1,F2)                        | INTERRUPTIBLE (F9,F0)                | SWRDY ()                             | READY (F3)                           | READY (F3)                           | READY (F4,F5,F6,F7,F8)               |                                      
73        | READY (F1,F2)                        | INTERRUPTIBLE (F9,F0)                | SWRDY ()                             | READY (F3)                           | READY (F3)                           | READY (F4,F5,F6,F7,F8)               |                                      
74        | SWRDY ()                             | READY (F9,F0)                        | EXECUTING (F1,F2,F3)                 | SWRDY ()                             | SWRDY ()                             | READY (F4,F5,F6,F7,F8)               |                                      
75        | SWRDY ()                             | READY (F9,F0)                        | EXECUTING (F1,F2,F3)                 | SWRDY ()                             | SWRDY ()                             | READY (F4,F5,F6,F7,F8)               |                                      
76        | SWRDY ()                             | READY (F9,F0)                        | EXECUTING (F1,F2,F3)                 | SWRDY ()                             | SWRDY ()                             | READY (F4,F5,F6,F7,F8)               |                                      
77        | SWRDY ()                             | READY (F9,F0)                        | READY (F1,F2,F3)                     | SWRDY ()                             | SWRDY ()                             | READY (F4,F5,F6,F7,F8)               |                                      
78        | SWRDY ()                             | READY (F9,F0)                        | READY (F1,F2,F3)                     | SWRDY ()                             | SWRDY ()                             | READY (F4,F5,F6,F7,F8)               |                                      
79        | SWRDY ()                             | READY (F9,F0)                        | READY (F1,F2,F3)                     | SWRDY ()                             | SWRDY ()                             | READY (F4,F5,F6,F7,F8)               |                                      
80        | EXECUTING (F4,F5)                    | READY (F9,F0)                        | READY (F1,F2,F3)                     | SWRDY ()                             | SWRDY ()                             | SWRDY (F6,F7,F8)                     |                                      
81        | INTERRUPTIBLE (F4,F5)                | READY (F9,F0)                        | READY (F1,F2,F3)                     | SWRDY ()                             | SWRDY ()                             | SWRDY (F6,F7,F8)                     |                                      
82        | INTERRUPTIBLE (F4,F5)                | READY (F9,F0)                        | READY (F1,F2,F3)                     | SWRDY ()                             | SWRDY ()                             | SWRDY (F6,F7,F8)                     |                                      
83        | INTERRUPTIBLE (F4,F5)                | READY (F9,F0)                        | READY (F1,F2,F3)                     | SWRDY ()                             | SWRDY ()                             | SWRDY (F6,F7,F8)                     |                                      
84        | INTERRUPTIBLE (F4,F5)                | READY (F9,F0)                        | READY (F1,F2,F3)                     | EXECUTING (F6)                       | READY (F6)                           | SWRDY (F7,F8)                        |                                      
85        | READY (F4,F5)                        | READY (F9,F0)                        | READY (F1,F2,F3)                     | ZOMBIE (F6)                          | READY (F6)                           | SWRDY (F7,F8)                        |                                      
86        | READY (F4,F5)                        | READY (F9,F0)                        | READY (F1,F2,F3)                     | ZOMBIE (F6)                          | READY (F6)                           | SWRDY (F7,F8)                        |                                      
87        | READY (F4,F5)                        | READY (F9,F0)                        | READY (F1,F2,F3)                     |                                      | READY (F6)                           | SWRDY (F7,F8)                        |                                      
88        | READY (F4,F5)                        | SWRDY ()                             | SWRDY (F2,F3)                        |                                      | READY (F6)                           | EXECUTING (F0,F1,F7,F8,F9)           |                                      
89        | READY (F4,F5)                        | SWRDY ()                             | SWRDY (F2,F3)                        |                                      | READY (F6)                           | INTERRUPTIBLE (F0,F1,F7,F8,F9)       |                                      
90        | READY (F4,F5)                        | SWRDY ()                             | SWRDY (F2,F3)                        |                                      | READY (F6)                           | READY (F0,F1,F7,F8,F9)               |                                      
91        | READY (F4,F5)                        | SWRDY ()                             | SWRDY (F2,F3)                        |                                      | READY (F6)                           | READY (F0,F1,F7,F8,F9)               |                                      
92        | READY (F4,F5)                        | SWRDY ()                             | SWRDY (F2,F3)                        |                                      | EXECUTING (F6)                       | READY (F0,F1,F7,F8,F9)               |                                      
93        | READY (F4,F5)                        | SWRDY ()                             | SWRDY (F2,F3)                        |                                      | EXECUTING (F6)                       | READY (F0,F1,F7,F8,F9)               |                                      
94        | READY (F4,F5)                        | SWRDY ()                             | SWRDY (F2,F3)                        |                                      | ZOMBIE (F6)                          | READY (F0,F1,F7,F8,F9)               |                                      
95        | READY (F4,F5)                        | SWRDY ()                             | SWRDY (F2,F3)                        |                                      | ZOMBIE (F6)                          | READY (F0,F1,F7,F8,F9)               |                                      
96        | READY (F4,F5)                        | SWRDY ()                             | SWRDY (F2,F3)                        |                                      |                                      | READY (F0,F1,F7,F8,F9)               |                                      
97        | READY (F4,F5)                        | EXECUTING (F2,F3)                    | SWRDY ()                             |                                      |                                      | READY (F0,F1,F7,F8,F9)               |                                      
98        | READY (F4,F5)                        | EXECUTING (F2,F3)                    | SWRDY ()                             |                                      |                                      | READY (F0,F1,F7,F8,F9)               |                                      
99        | READY (F4,F5)                        | ZOMBIE (F2,F3)                       | SWRDY ()                             |                                      |                                      | READY (F0,F1,F7,F8,F9)               |                                      
100       | READY (F4,F5)                        | ZOMBIE (F2,F3)                       | SWRDY ()                             |                                      |                                      | READY (F0,F1,F7,F8,F9)               |                                      
101       | READY (F4,F5)                        |                                      | SWRDY ()                             |                                      |                                      | READY (F0,F1,F7,F8,F9)               |                                      
102       | SWRDY ()                             |                                      | EXECUTING (F4,F5,F6)                 |                                      |                                      | READY (F0,F1,F7,F8,F9)               |                                      
103       | SWRDY ()                             |                                      | ZOMBIE (F4,F5,F6)                    |                                      |                                      | READY (F0,F1,F7,F8,F9)               |                                      
104       | SWRDY ()                             |                                      | ZOMBIE (F4,F5,F6)                    |                                      |                                      | READY (F0,F1,F7,F8,F9)               |                                      
105       | SWRDY ()                             |                                      |                                      |                                      |                                      | READY (F0,F1,F7,F8,F9)               |                                      
106       | EXECUTING (F7,F8)                    |                                      |                                      |                                      |                                      | SWRDY (F0,F1,F9)                     |                                      
107       | EXECUTING (F7,F8)                    |                                      |                                      |                                      |                                      | SWRDY (F0,F1,F9)                     |                                      
108       | EXECUTING (F7,F8)                    |                                      |                                      |                                      |                                      | SWRDY (F0,F1,F9)                     |                                      
109       | ZOMBIE (F7,F8)                       |                                      |                                      |                                      |                                      | SWRDY (F0,F1,F9)                     |                                      
110       | ZOMBIE (F7,F8)                       |                                      |                                      |                                      |                                      | SWRDY (F0,F1,F9)                     |                                      
111       |                                      |                                      |                                      |                                      |                                      | SWRDY (F0,F1,F9)                     |                                      
112       |                                      |                                      |                                      |                                      |                                      | EXECUTING (F0,F1,F2,F3,F9)           |                                      
113       |                                      |                                      |                                      |                                      |                                      | ZOMBIE (F0,F1,F2,F3,F9)              |                                      
114       |                                      |                                      |                                      |                                      |                                      | ZOMBIE (F0,F1,F2,F3,F9)              |                                      
