time inst | th1                                  | th2                                  | th3                                  | th4                                  | th5                                  
1         |                                      |                                      | EXECUTING (F0,F1,F2,F3)              |                                      |                                      
2         |                                      |                                      | INTERRUPTIBLE (F0,F1,F2,F3)          |                                      |                                      
3         |                                      |                                      | INTERRUPTIBLE (F0,F1,F2,F3)          | READY (F0,F1,F2,F3)                  |                                      
4         |                                      |                                      | INTERRUPTIBLE (F0,F1,F2,F3)          | READY (F0,F1,F2,F3)                  | SWRDY ()                             
5         | SWRDY ()                             |                                      | INTERRUPTIBLE (F0,F1,F2,F3)          | READY (F0,F1,F2,F3)                  | SWRDY ()                             
6         | SWRDY ()                             |                                      | INTERRUPTIBLE (F0,F1,F2,F3)          | EXECUTING (F0,F1,F2,F3)              | SWRDY ()                             
7         | SWRDY ()                             |                                      | INTERRUPTIBLE (F0,F1,F2,F3)          | EXECUTING (F0,F1,F2,F3)              | SWRDY ()                             
8         | SWRDY ()                             |                                      | READY (F0,F1,F2,F3)                  | INTERRUPTIBLE (F0,F1,F2,F3)          | SWRDY ()                             
9         | SWRDY ()                             |                                      | READY (F0,F1,F2,F3)                  | INTERRUPTIBLE (F0,F1,F2,F3)          | SWRDY ()                             
10        | SWRDY ()                             | READY (F0,F1,F2,F3)                  | READY (F0,F1,F2,F3)                  | INTERRUPTIBLE (F0,F1,F2,F3)          | SWRDY ()                             
11        | SWRDY ()                             | READY (F0,F1,F2,F3)                  | READY (F0,F1,F2,F3)                  | INTERRUPTIBLE (F0,F1,F2,F3)          | EXECUTING (F4,F5,F6)                 
12        | SWRDY ()                             | READY (F0,F1,F2,F3)                  | READY (F0,F1,F2,F3)                  | READY (F0,F1,F2,F3)                  | INTERRUPTIBLE (F4,F5,F6)             
13        | SWRDY ()                             | READY (F0,F1,F2,F3)                  | READY (F0,F1,F2,F3)                  | READY (F0,F1,F2,F3)                  | INTERRUPTIBLE (F4,F5,F6)             
14        | SWRDY ()                             | READY (F0,F1,F2,F3)                  | READY (F0,F1,F2,F3)                  | READY (F0,F1,F2,F3)                  | INTERRUPTIBLE (F4,F5,F6)             
15        | EXECUTING (F7,F8,F9)                 | READY (F0,F1,F2,F3)                  | READY (F0,F1,F2,F3)                  | READY (F0,F1,F2,F3)                  | INTERRUPTIBLE (F4,F5,F6)             
16        | INTERRUPTIBLE (F7,F8,F9)             | READY (F0,F1,F2,F3)                  | READY (F0,F1,F2,F3)                  | READY (F0,F1,F2,F3)                  | INTERRUPTIBLE (F4,F5,F6)             
17        | INTERRUPTIBLE (F7,F8,F9)             | READY (F0,F1,F2,F3)                  | READY (F0,F1,F2,F3)                  | READY (F0,F1,F2,F3)                  | READY (F4,F5,F6)                     
18        | INTERRUPTIBLE (F7,F8,F9)             | READY (F0,F1,F2,F3)                  | READY (F0,F1,F2,F3)                  | READY (F0,F1,F2,F3)                  | READY (F4,F5,F6)                     
19        | INTERRUPTIBLE (F7,F8,F9)             | READY (F0,F1,F2,F3)                  | EXECUTING (F0,F1,F2,F3)              | READY (F0,F1,F2,F3)                  | READY (F4,F5,F6)                     
20        | READY (F7,F8,F9)                     | READY (F0,F1,F2,F3)                  | EXECUTING (F0,F1,F2,F3)              | READY (F0,F1,F2,F3)                  | READY (F4,F5,F6)                     
21        | READY (F7,F8,F9)                     | READY (F0,F1,F2,F3)                  | INTERRUPTIBLE (F0,F1,F2,F3)          | READY (F0,F1,F2,F3)                  | READY (F4,F5,F6)                     
22        | READY (F7,F8,F9)                     | EXECUTING (F0,F1,F2,F3)              | INTERRUPTIBLE (F0,F1,F2,F3)          | READY (F0,F1,F2,F3)                  | READY (F4,F5,F6)                     
23        | READY (F7,F8,F9)                     | EXECUTING (F0,F1,F2,F3)              | INTERRUPTIBLE (F0,F1,F2,F3)          | READY (F0,F1,F2,F3)                  | READY (F4,F5,F6)                     
24        | READY (F7,F8,F9)                     | INTERRUPTIBLE (F0,F1,F2,F3)          | INTERRUPTIBLE (F0,F1,F2,F3)          | READY (F0,F1,F2,F3)                  | READY (F4,F5,F6)                     
25        | READY (F7,F8,F9)                     | INTERRUPTIBLE (F0,F1,F2,F3)          | READY (F0,F1,F2,F3)                  | EXECUTING (F0,F1,F2,F3)              | READY (F4,F5,F6)                     
26        | READY (F7,F8,F9)                     | READY (F0,F1,F2,F3)                  | READY (F0,F1,F2,F3)                  | EXECUTING (F0,F1,F2,F3)              | READY (F4,F5,F6)                     
27        | READY (F7,F8,F9)                     | READY (F0,F1,F2,F3)                  | READY (F0,F1,F2,F3)                  | EXECUTING (F0,F1,F2,F3)              | READY (F4,F5,F6)                     
28        | READY (F7,F8,F9)                     | READY (F0,F1,F2,F3)                  | READY (F0,F1,F2,F3)                  | READY (F0,F1,F2,F3)                  | READY (F4,F5,F6)                     
29        | READY (F7,F8,F9)                     | READY (F0,F1,F2,F3)                  | READY (F0,F1,F2,F3)                  | READY (F0,F1,F2,F3)                  | READY (F4,F5,F6)                     
30        | READY (F7,F8,F9)                     | READY (F0,F1,F2,F3)                  | READY (F0,F1,F2,F3)                  | READY (F0,F1,F2,F3)                  | READY (F4,F5,F6)                     
31        | READY (F7,F8,F9)                     | READY (F0,F1,F2,F3)                  | READY (F0,F1,F2,F3)                  | READY (F0,F1,F2,F3)                  | EXECUTING (F4,F5,F6)                 
32        | READY (F7,F8,F9)                     | READY (F0,F1,F2,F3)                  | READY (F0,F1,F2,F3)                  | READY (F0,F1,F2,F3)                  | INTERRUPTIBLE (F4,F5,F6)             
33        | READY (F7,F8,F9)                     | READY (F0,F1,F2,F3)                  | READY (F0,F1,F2,F3)                  | READY (F0,F1,F2,F3)                  | INTERRUPTIBLE (F4,F5,F6)             
34        | READY (F7,F8,F9)                     | READY (F0,F1,F2,F3)                  | READY (F0,F1,F2,F3)                  | READY (F0,F1,F2,F3)                  | INTERRUPTIBLE (F4,F5,F6)             
35        | EXECUTING (F7,F8,F9)                 | READY (F0,F1,F2,F3)                  | READY (F0,F1,F2,F3)                  | READY (F0,F1,F2,F3)                  | READY (F4,F5,F6)                     
36        | EXECUTING (F7,F8,F9)                 | READY (F0,F1,F2,F3)                  | READY (F0,F1,F2,F3)                  | READY (F0,F1,F2,F3)                  | READY (F4,F5,F6)                     
37        | INTERRUPTIBLE (F7,F8,F9)             | READY (F0,F1,F2,F3)                  | READY (F0,F1,F2,F3)                  | READY (F0,F1,F2,F3)                  | READY (F4,F5,F6)                     
38        | INTERRUPTIBLE (F7,F8,F9)             | READY (F0,F1,F2,F3)                  | READY (F0,F1,F2,F3)                  | READY (F0,F1,F2,F3)                  | READY (F4,F5,F6)                     
39        | INTERRUPTIBLE (F7,F8,F9)             | READY (F0,F1,F2,F3)                  | READY (F0,F1,F2,F3)                  | READY (F0,F1,F2,F3)                  | READY (F4,F5,F6)                     
40        | INTERRUPTIBLE (F7,F8,F9)             | READY (F0,F1,F2,F3)                  | EXECUTING (F0,F1,F2,F3)              | READY (F0,F1,F2,F3)                  | READY (F4,F5,F6)                     
41        | READY (F7,F8,F9)                     | READY (F0,F1,F2,F3)                  | EXECUTING (F0,F1,F2,F3)              | READY (F0,F1,F2,F3)                  | READY (F4,F5,F6)                     
42        | READY (F7,F8,F9)                     | READY (F0,F1,F2,F3)                  | ZOMBIE (F0,F1,F2,F3)                 | READY (F0,F1,F2,F3)                  | READY (F4,F5,F6)                     
43        | READY (F7,F8,F9)                     | EXECUTING (F0,F1,F2,F3)              | ZOMBIE (F0,F1,F2,F3)                 | READY (F0,F1,F2,F3)                  | READY (F4,F5,F6)                     
44        | READY (F7,F8,F9)                     | EXECUTING (F0,F1,F2,F3)              |                                      | READY (F0,F1,F2,F3)                  | READY (F4,F5,F6)                     
45        | READY (F7,F8,F9)                     | ZOMBIE (F0,F1,F2,F3)                 |                                      | READY (F0,F1,F2,F3)                  | READY (F4,F5,F6)                     
46        | READY (F7,F8,F9)                     | ZOMBIE (F0,F1,F2,F3)                 |                                      | EXECUTING (F0,F1,F2,F3)              | READY (F4,F5,F6)                     
47        | READY (F7,F8,F9)                     |                                      |                                      | INTERRUPTIBLE (F0,F1,F2,F3)          | READY (F4,F5,F6)                     
48        | READY (F7,F8,F9)                     |                                      |                                      | READY (F0,F1,F2,F3)                  | READY (F4,F5,F6)                     
49        | READY (F7,F8,F9)                     |                                      |                                      | READY (F0,F1,F2,F3)                  | READY (F4,F5,F6)                     
50        | READY (F7,F8,F9)                     |                                      |                                      | READY (F0,F1,F2,F3)                  | EXECUTING (F4,F5,F6)                 
51        | READY (F7,F8,F9)                     |                                      |                                      | READY (F0,F1,F2,F3)                  | EXECUTING (F4,F5,F6)                 
52        | READY (F7,F8,F9)                     |                                      |                                      | READY (F0,F1,F2,F3)                  | ZOMBIE (F4,F5,F6)                    
53        | READY (F7,F8,F9)                     |                                      |                                      | READY (F0,F1,F2,F3)                  | ZOMBIE (F4,F5,F6)                    
54        | READY (F7,F8,F9)                     |                                      |                                      | READY (F0,F1,F2,F3)                  |                                      
55        | EXECUTING (F7,F8,F9)                 |                                      |                                      | READY (F0,F1,F2,F3)                  |                                      
56        | EXECUTING (F7,F8,F9)                 |                                      |                                      | READY (F0,F1,F2,F3)                  |                                      
57        | EXECUTING (F7,F8,F9)                 |                                      |                                      | READY (F0,F1,F2,F3)                  |                                      
58        | ZOMBIE (F7,F8,F9)                    |                                      |                                      | READY (F0,F1,F2,F3)                  |                                      
59        | ZOMBIE (F7,F8,F9)                    |                                      |                                      | READY (F0,F1,F2,F3)                  |                                      
60        |                                      |                                      |                                      | READY (F0,F1,F2,F3)                  |                                      
61        |                                      |                                      |                                      | EXECUTING (F0,F1,F2,F3)              |                                      
62        |                                      |                                      |                                      | EXECUTING (F0,F1,F2,F3)              |                                      
63        |                                      |                                      |                                      | EXECUTING (F0,F1,F2,F3)              |                                      
64        |                                      |                                      |                                      | READY (F0,F1,F2,F3)                  |                                      
65        |                                      |                                      |                                      | EXECUTING (F0,F1,F2,F3)              |                                      
66        |                                      |                                      |                                      | EXECUTING (F0,F1,F2,F3)              |                                      
67        |                                      |                                      |                                      | EXECUTING (F0,F1,F2,F3)              |                                      
68        |                                      |                                      |                                      | READY (F0,F1,F2,F3)                  |                                      
69        |                                      |                                      |                                      | EXECUTING (F0,F1,F2,F3)              |                                      
70        |                                      |                                      |                                      | ZOMBIE (F0,F1,F2,F3)                 |                                      
71        |                                      |                                      |                                      | ZOMBIE (F0,F1,F2,F3)                 |                                      
